<?xml version="1.0" encoding="UTF-8"?>
<testng-results skipped="0" failed="0" ignored="0" total="1" passed="1">
  <reporter-output>
    <line>
      <![CDATA[Extent Report DirectoryC:\Users\prisc\IdeaProjects\TeamTwoAutomation\FacebookTesting\target\surefire-reports\html]]>
    </line>
    <line>
      <![CDATA[Test running]]>
    </line>
  </reporter-output>
  <suite name="facebookTestRunner" duration-ms="11691" started-at="2018-05-06T13:23:14Z" finished-at="2018-05-06T13:23:26Z">
    <groups>
    </groups>
    <test name="testFBmain" duration-ms="11691" started-at="2018-05-06T13:23:14Z" finished-at="2018-05-06T13:23:26Z">
      <class name="testFaceBook.testFBmain">
        <test-method status="PASS" signature="extentSetup(org.testng.ITestContext)[pri:0, instance:testFaceBook.testFBmain@e320068]" name="extentSetup" is-config="true" duration-ms="215" started-at="2018-05-06T13:23:14Z" finished-at="2018-05-06T13:23:14Z">
          <params>
            <param index="0">
              <value>
                <![CDATA[org.testng.TestRunner@5143c662]]>
              </value>
            </param>
          </params>
          <reporter-output>
            <line>
              <![CDATA[Extent Report DirectoryC:\Users\prisc\IdeaProjects\TeamTwoAutomation\FacebookTesting\target\surefire-reports\html]]>
            </line>
          </reporter-output>
        </test-method> <!-- extentSetup -->
        <test-method status="PASS" signature="setUp(boolean, java.lang.String, java.lang.String, java.lang.String, java.lang.String, java.lang.String, java.lang.String)[pri:0, instance:testFaceBook.testFBmain@e320068]" name="setUp" is-config="true" duration-ms="10200" started-at="2018-05-06T13:23:15Z" finished-at="2018-05-06T13:23:25Z">
          <params>
            <param index="0">
              <value>
                <![CDATA[false]]>
              </value>
            </param>
            <param index="1">
              <value>
                <![CDATA[browserstack]]>
              </value>
            </param>
            <param index="2">
              <value>
                <![CDATA[Windows]]>
              </value>
            </param>
            <param index="3">
              <value>
                <![CDATA[10]]>
              </value>
            </param>
            <param index="4">
              <value>
                <![CDATA[chrome]]>
              </value>
            </param>
            <param index="5">
              <value>
                <![CDATA[53.0]]>
              </value>
            </param>
            <param index="6">
              <value>
                <![CDATA[https://www.facebook.com]]>
              </value>
            </param>
          </params>
          <reporter-output>
          </reporter-output>
        </test-method> <!-- setUp -->
        <test-method status="PASS" signature="startExtent(java.lang.reflect.Method)[pri:0, instance:testFaceBook.testFBmain@e320068]" name="startExtent" is-config="true" duration-ms="5" started-at="2018-05-06T13:23:25Z" finished-at="2018-05-06T13:23:25Z">
          <params>
            <param index="0">
              <value>
                <![CDATA[public void testFaceBook.testFBmain.testWebsite()]]>
              </value>
            </param>
          </params>
          <reporter-output>
          </reporter-output>
        </test-method> <!-- startExtent -->
        <test-method status="PASS" signature="testWebsite()[pri:1, instance:testFaceBook.testFBmain@e320068]" name="testWebsite" duration-ms="4" started-at="2018-05-06T13:23:25Z" description="TestLogInFunctionality" finished-at="2018-05-06T13:23:25Z">
          <reporter-output>
            <line>
              <![CDATA[Test running]]>
            </line>
          </reporter-output>
        </test-method> <!-- testWebsite -->
        <test-method status="PASS" signature="afterEachTestMethod(org.testng.ITestResult)[pri:0, instance:testFaceBook.testFBmain@e320068]" name="afterEachTestMethod" is-config="true" duration-ms="1459" started-at="2018-05-06T13:23:25Z" finished-at="2018-05-06T13:23:26Z">
          <params>
            <param index="0">
              <value>
                <![CDATA[[TestResult name=testWebsite status=SUCCESS method=testFBmain.testWebsite()[pri:1, instance:testFaceBook.testFBmain@e320068] output=Test running]]]>
              </value>
            </param>
          </params>
          <reporter-output>
          </reporter-output>
        </test-method> <!-- afterEachTestMethod -->
        <test-method status="PASS" signature="afterMethod()[pri:0, instance:testFaceBook.testFBmain@e320068]" name="afterMethod" is-config="true" duration-ms="1" started-at="2018-05-06T13:23:26Z" finished-at="2018-05-06T13:23:26Z">
          <reporter-output>
          </reporter-output>
        </test-method> <!-- afterMethod -->
        <test-method status="PASS" signature="generateReport()[pri:0, instance:testFaceBook.testFBmain@e320068]" name="generateReport" is-config="true" duration-ms="62" started-at="2018-05-06T13:23:26Z" finished-at="2018-05-06T13:23:26Z">
          <reporter-output>
          </reporter-output>
        </test-method> <!-- generateReport -->
      </class> <!-- testFaceBook.testFBmain -->
    </test> <!-- testFBmain -->
  </suite> <!-- facebookTestRunner -->
</testng-results>
